# JRE version: OpenJDK Runtime Environment Temurin-21.0.10+7 (21.0.10+7) (build 21.0.10+7-LTS)
# Java VM: OpenJDK 64-Bit Server VM Temurin-21.0.10+7 (21.0.10+7-LTS, mixed mode, sharing, tiered, compressed oops, compressed class ptrs, parallel gc, windows-amd64)
GC Precious Log:
 CardTable entry size: 512
 CPUs: 12 total, 12 available
 Memory: 7598M
 Large Page Support: Disabled
 NUMA Support: Disabled
 Compressed Oops: Enabled (32-bit)
 Alignments: Space 512K, Generation 512K, Heap 2M
 Heap Min Capacity: 100M
 Heap Initial Capacity: 100M
 Heap Max Capacity: 2G
 Pre-touch: Disabled
 Parallel Workers: 10
Heap:
 PSYoungGen      total 2048K, used 808K [0x00000000d5580000, 0x00000000d5980000, 0x0000000100000000)
  eden space 1536K, 26% used [0x00000000d5580000,0x00000000d55e5f88,0x00000000d5700000)
  from space 512K, 78% used [0x00000000d5900000,0x00000000d5964420,0x00000000d5980000)
  to   space 1024K, 0% used [0x00000000d5780000,0x00000000d5780000,0x00000000d5880000)
 ParOldGen       total 418816K, used 418655K [0x0000000080000000, 0x0000000099900000, 0x00000000d5580000)
  object space 418816K, 99% used [0x0000000080000000,0x00000000998d7ec8,0x0000000099900000)
 Metaspace       used 66002K, committed 67328K, reserved 1114112K
  class space    used 7160K, committed 7744K, reserved 1048576K
GC Heap History (20 events):
Event: 73.919 GC heap before
{Heap before GC invocations=199 (full 3):
 PSYoungGen      total 5632K, used 5136K [0x00000000d5580000, 0x00000000d5d80000, 0x0000000100000000)
  eden space 3584K, 99% used [0x00000000d5580000,0x00000000d58ff8f8,0x00000000d5900000)
  from space 2048K, 75% used [0x00000000d5900000,0x00000000d5a84a78,0x00000000d5b00000)
  to   space 2048K, 0% used [0x00000000d5b80000,0x00000000d5b80000,0x00000000d5d80000)
 ParOldGen       total 407552K, used 407517K [0x0000000080000000, 0x0000000098e00000, 0x00000000d5580000)
  object space 407552K, 99% used [0x0000000080000000,0x0000000098df7418,0x0000000098e00000)
 Metaspace       used 63945K, committed 65280K, reserved 1114112K
  class space    used 6964K, committed 7552K, reserved 1048576K
}
Event: 73.922 GC heap after
{Heap after GC invocations=199 (full 3):
 PSYoungGen      total 5120K, used 1232K [0x00000000d5580000, 0x00000000d5d00000, 0x0000000100000000)
  eden space 3584K, 0% used [0x00000000d5580000,0x00000000d5580000,0x00000000d5900000)
  from space 1536K, 80% used [0x00000000d5b80000,0x00000000d5cb4008,0x00000000d5d00000)
  to   space 1536K, 0% used [0x00000000d5a00000,0x00000000d5a00000,0x00000000d5b80000)
 ParOldGen       total 409088K, used 408903K [0x0000000080000000, 0x0000000098f80000, 0x00000000d5580000)
  object space 409088K, 99% used [0x0000000080000000,0x0000000098f51e88,0x0000000098f80000)
 Metaspace       used 63945K, committed 65280K, reserved 1114112K
  class space    used 6964K, committed 7552K, reserved 1048576K
}
Event: 73.991 GC heap before
{Heap before GC invocations=200 (full 3):
 PSYoungGen      total 5120K, used 4813K [0x00000000d5580000, 0x00000000d5d00000, 0x0000000100000000)
  eden space 3584K, 99% used [0x00000000d5580000,0x00000000d58ff5e8,0x00000000d5900000)
  from space 1536K, 80% used [0x00000000d5b80000,0x00000000d5cb4008,0x00000000d5d00000)
  to   space 1536K, 0% used [0x00000000d5a00000,0x00000000d5a00000,0x00000000d5b80000)
 ParOldGen       total 409088K, used 408903K [0x0000000080000000, 0x0000000098f80000, 0x00000000d5580000)
  object space 409088K, 99% used [0x0000000080000000,0x0000000098f51e88,0x0000000098f80000)
 Metaspace       used 64125K, committed 65472K, reserved 1114112K
  class space    used 6989K, committed 7552K, reserved 1048576K
}
Event: 73.995 GC heap after
{Heap after GC invocations=200 (full 3):
 PSYoungGen      total 4608K, used 846K [0x00000000d5580000, 0x00000000d5c00000, 0x0000000100000000)
  eden space 3584K, 0% used [0x00000000d5580000,0x00000000d5580000,0x00000000d5900000)
  from space 1024K, 82% used [0x00000000d5a00000,0x00000000d5ad3b30,0x00000000d5b00000)
  to   space 1024K, 0% used [0x00000000d5b00000,0x00000000d5b00000,0x00000000d5c00000)
 ParOldGen       total 410112K, used 409995K [0x0000000080000000, 0x0000000099080000, 0x00000000d5580000)
  object space 410112K, 99% used [0x0000000080000000,0x0000000099062ef8,0x0000000099080000)
 Metaspace       used 64125K, committed 65472K, reserved 1114112K
  class space    used 6989K, committed 7552K, reserved 1048576K
}
Event: 74.020 GC heap before
{Heap before GC invocations=201 (full 3):
 PSYoungGen      total 4608K, used 4430K [0x00000000d5580000, 0x00000000d5c00000, 0x0000000100000000)
  eden space 3584K, 100% used [0x00000000d5580000,0x00000000d5900000,0x00000000d5900000)
  from space 1024K, 82% used [0x00000000d5a00000,0x00000000d5ad3b30,0x00000000d5b00000)
  to   space 1024K, 0% used [0x00000000d5b00000,0x00000000d5b00000,0x00000000d5c00000)
 ParOldGen       total 410112K, used 409995K [0x0000000080000000, 0x0000000099080000, 0x00000000d5580000)
  object space 410112K, 99% used [0x0000000080000000,0x0000000099062ef8,0x0000000099080000)
 Metaspace       used 64161K, committed 65472K, reserved 1114112K
  class space    used 6995K, committed 7552K, reserved 1048576K
}
Event: 74.026 GC heap after
{Heap after GC invocations=201 (full 3):
 PSYoungGen      total 2560K, used 1024K [0x00000000d5580000, 0x00000000d6100000, 0x0000000100000000)
  eden space 1536K, 0% used [0x00000000d5580000,0x00000000d5580000,0x00000000d5700000)
  from space 1024K, 100% used [0x00000000d5b00000,0x00000000d5c00000,0x00000000d5c00000)
  to   space 4096K, 0% used [0x00000000d5700000,0x00000000d5700000,0x00000000d5b00000)
 ParOldGen       total 412672K, used 412375K [0x0000000080000000, 0x0000000099300000, 0x00000000d5580000)
  object space 412672K, 99% used [0x0000000080000000,0x00000000992b5f78,0x0000000099300000)
 Metaspace       used 64161K, committed 65472K, reserved 1114112K
  class space    used 6995K, committed 7552K, reserved 1048576K
}
Event: 74.056 GC heap before
{Heap before GC invocations=202 (full 3):
 PSYoungGen      total 2560K, used 2560K [0x00000000d5580000, 0x00000000d6100000, 0x0000000100000000)
  eden space 1536K, 100% used [0x00000000d5580000,0x00000000d5700000,0x00000000d5700000)
  from space 1024K, 100% used [0x00000000d5b00000,0x00000000d5c00000,0x00000000d5c00000)
  to   space 4096K, 0% used [0x00000000d5700000,0x00000000d5700000,0x00000000d5b00000)
 ParOldGen       total 412672K, used 412375K [0x0000000080000000, 0x0000000099300000, 0x00000000d5580000)
  object space 412672K, 99% used [0x0000000080000000,0x00000000992b5f78,0x0000000099300000)
 Metaspace       used 64193K, committed 65536K, reserved 1114112K
  class space    used 6997K, committed 7552K, reserved 1048576K
}
Event: 74.060 GC heap after
{Heap after GC invocations=202 (full 3):
 PSYoungGen      total 3072K, used 1184K [0x00000000d5580000, 0x00000000d5b80000, 0x0000000100000000)
  eden space 1536K, 0% used [0x00000000d5580000,0x00000000d5580000,0x00000000d5700000)
  from space 1536K, 77% used [0x00000000d5700000,0x00000000d5828000,0x00000000d5880000)
  to   space 2048K, 0% used [0x00000000d5980000,0x00000000d5980000,0x00000000d5b80000)
 ParOldGen       total 413696K, used 413374K [0x0000000080000000, 0x0000000099400000, 0x00000000d5580000)
  object space 413696K, 99% used [0x0000000080000000,0x00000000993af9c8,0x0000000099400000)
 Metaspace       used 64193K, committed 65536K, reserved 1114112K
  class space    used 6997K, committed 7552K, reserved 1048576K
}
Event: 74.168 GC heap before
{Heap before GC invocations=203 (full 3):
 PSYoungGen      total 3072K, used 2693K [0x00000000d5580000, 0x00000000d5b80000, 0x0000000100000000)
  eden space 1536K, 98% used [0x00000000d5580000,0x00000000d56f9528,0x00000000d5700000)
  from space 1536K, 77% used [0x00000000d5700000,0x00000000d5828000,0x00000000d5880000)
  to   space 2048K, 0% used [0x00000000d5980000,0x00000000d5980000,0x00000000d5b80000)
 ParOldGen       total 413696K, used 413374K [0x0000000080000000, 0x0000000099400000, 0x00000000d5580000)
  object space 413696K, 99% used [0x0000000080000000,0x00000000993af9c8,0x0000000099400000)
 Metaspace       used 64368K, committed 65728K, reserved 1114112K
  class space    used 7012K, committed 7616K, reserved 1048576K
}
Event: 74.172 GC heap after
{Heap after GC invocations=203 (full 3):
 PSYoungGen      total 2048K, used 384K [0x00000000d5580000, 0x00000000d5a00000, 0x0000000100000000)
  eden space 1536K, 0% used [0x00000000d5580000,0x00000000d5580000,0x00000000d5700000)
  from space 512K, 75% used [0x00000000d5980000,0x00000000d59e0000,0x00000000d5a00000)
  to   space 1024K, 0% used [0x00000000d5800000,0x00000000d5800000,0x00000000d5900000)
 ParOldGen       total 414720K, used 414394K [0x0000000080000000, 0x0000000099500000, 0x00000000d5580000)
  object space 414720K, 99% used [0x0000000080000000,0x00000000994ae9d8,0x0000000099500000)
 Metaspace       used 64368K, committed 65728K, reserved 1114112K
  class space    used 7012K, committed 7616K, reserved 1048576K
}
Event: 74.245 GC heap before
{Heap before GC invocations=204 (full 3):
 PSYoungGen      total 2048K, used 1916K [0x00000000d5580000, 0x00000000d5a00000, 0x0000000100000000)
  eden space 1536K, 99% used [0x00000000d5580000,0x00000000d56ff180,0x00000000d5700000)
  from space 512K, 75% used [0x00000000d5980000,0x00000000d59e0000,0x00000000d5a00000)
  to   space 1024K, 0% used [0x00000000d5800000,0x00000000d5800000,0x00000000d5900000)
 ParOldGen       total 414720K, used 414394K [0x0000000080000000, 0x0000000099500000, 0x00000000d5580000)
  object space 414720K, 99% used [0x0000000080000000,0x00000000994ae9d8,0x0000000099500000)
 Metaspace       used 64729K, committed 66048K, reserved 1114112K
  class space    used 7045K, committed 7616K, reserved 1048576K
}
Event: 74.248 GC heap after
{Heap after GC invocations=204 (full 3):
 PSYoungGen      total 2560K, used 224K [0x00000000d5580000, 0x00000000d5a00000, 0x0000000100000000)
  eden space 1536K, 0% used [0x00000000d5580000,0x00000000d5580000,0x00000000d5700000)
  from space 1024K, 21% used [0x00000000d5800000,0x00000000d5838000,0x00000000d5900000)
  to   space 512K, 0% used [0x00000000d5980000,0x00000000d5980000,0x00000000d5a00000)
 ParOldGen       total 414720K, used 414642K [0x0000000080000000, 0x0000000099500000, 0x00000000d5580000)
  object space 414720K, 99% used [0x0000000080000000,0x00000000994ec9d8,0x0000000099500000)
 Metaspace       used 64729K, committed 66048K, reserved 1114112K
  class space    used 7045K, committed 7616K, reserved 1048576K
}
Event: 74.296 GC heap before
{Heap before GC invocations=205 (full 3):
 PSYoungGen      total 2560K, used 1756K [0x00000000d5580000, 0x00000000d5a00000, 0x0000000100000000)
  eden space 1536K, 99% used [0x00000000d5580000,0x00000000d56ff028,0x00000000d5700000)
  from space 1024K, 21% used [0x00000000d5800000,0x00000000d5838000,0x00000000d5900000)
  to   space 512K, 0% used [0x00000000d5980000,0x00000000d5980000,0x00000000d5a00000)
 ParOldGen       total 414720K, used 414642K [0x0000000080000000, 0x0000000099500000, 0x00000000d5580000)
  object space 414720K, 99% used [0x0000000080000000,0x00000000994ec9d8,0x0000000099500000)
 Metaspace       used 64927K, committed 66240K, reserved 1114112K
  class space    used 7070K, committed 7616K, reserved 1048576K
}
Event: 74.298 GC heap after
{Heap after GC invocations=205 (full 3):
 PSYoungGen      total 2048K, used 315K [0x00000000d5580000, 0x00000000d5a00000, 0x0000000100000000)
  eden space 1536K, 0% used [0x00000000d5580000,0x00000000d5580000,0x00000000d5700000)
  from space 512K, 61% used [0x00000000d5980000,0x00000000d59cee58,0x00000000d5a00000)
  to   space 512K, 0% used [0x00000000d5900000,0x00000000d5900000,0x00000000d5980000)
 ParOldGen       total 415232K, used 414754K [0x0000000080000000, 0x0000000099580000, 0x00000000d5580000)
  object space 415232K, 99% used [0x0000000080000000,0x00000000995089e8,0x0000000099580000)
 Metaspace       used 64927K, committed 66240K, reserved 1114112K
  class space    used 7070K, committed 7616K, reserved 1048576K
}
Event: 74.333 GC heap before
{Heap before GC invocations=206 (full 3):
 PSYoungGen      total 2048K, used 1851K [0x00000000d5580000, 0x00000000d5a00000, 0x0000000100000000)
  eden space 1536K, 100% used [0x00000000d5580000,0x00000000d5700000,0x00000000d5700000)
  from space 512K, 61% used [0x00000000d5980000,0x00000000d59cee58,0x00000000d5a00000)
  to   space 512K, 0% used [0x00000000d5900000,0x00000000d5900000,0x00000000d5980000)
 ParOldGen       total 415232K, used 414754K [0x0000000080000000, 0x0000000099580000, 0x00000000d5580000)
  object space 415232K, 99% used [0x0000000080000000,0x00000000995089e8,0x0000000099580000)
 Metaspace       used 65169K, committed 66496K, reserved 1114112K
  class space    used 7086K, committed 7680K, reserved 1048576K
}
Event: 74.335 GC heap after
{Heap after GC invocations=206 (full 3):
 PSYoungGen      total 2048K, used 256K [0x00000000d5580000, 0x00000000d5a00000, 0x0000000100000000)
  eden space 1536K, 0% used [0x00000000d5580000,0x00000000d5580000,0x00000000d5700000)
  from space 512K, 50% used [0x00000000d5900000,0x00000000d5940000,0x00000000d5980000)
  to   space 512K, 0% used [0x00000000d5980000,0x00000000d5980000,0x00000000d5a00000)
 ParOldGen       total 415232K, used 414810K [0x0000000080000000, 0x0000000099580000, 0x00000000d5580000)
  object space 415232K, 99% used [0x0000000080000000,0x00000000995169e8,0x0000000099580000)
 Metaspace       used 65169K, committed 66496K, reserved 1114112K
  class space    used 7086K, committed 7680K, reserved 1048576K
}
Event: 74.369 GC heap before
{Heap before GC invocations=207 (full 3):
 PSYoungGen      total 2048K, used 1786K [0x00000000d5580000, 0x00000000d5a00000, 0x0000000100000000)
  eden space 1536K, 99% used [0x00000000d5580000,0x00000000d56fe840,0x00000000d5700000)
  from space 512K, 50% used [0x00000000d5900000,0x00000000d5940000,0x00000000d5980000)
  to   space 512K, 0% used [0x00000000d5980000,0x00000000d5980000,0x00000000d5a00000)
 ParOldGen       total 415232K, used 414810K [0x0000000080000000, 0x0000000099580000, 0x00000000d5580000)
  object space 415232K, 99% used [0x0000000080000000,0x00000000995169e8,0x0000000099580000)
 Metaspace       used 65320K, committed 66624K, reserved 1114112K
  class space    used 7105K, committed 7680K, reserved 1048576K
}
Event: 74.372 GC heap after
{Heap after GC invocations=207 (full 3):
 PSYoungGen      total 2048K, used 320K [0x00000000d5580000, 0x00000000d5a00000, 0x0000000100000000)
  eden space 1536K, 0% used [0x00000000d5580000,0x00000000d5580000,0x00000000d5700000)
  from space 512K, 62% used [0x00000000d5980000,0x00000000d59d0000,0x00000000d5a00000)
  to   space 512K, 0% used [0x00000000d5900000,0x00000000d5900000,0x00000000d5980000)
 ParOldGen       total 415232K, used 414858K [0x0000000080000000, 0x0000000099580000, 0x00000000d5580000)
  object space 415232K, 99% used [0x0000000080000000,0x00000000995229e8,0x0000000099580000)
 Metaspace       used 65320K, committed 66624K, reserved 1114112K
  class space    used 7105K, committed 7680K, reserved 1048576K
}
Event: 74.397 GC heap before
{Heap before GC invocations=208 (full 3):
 PSYoungGen      total 2048K, used 1855K [0x00000000d5580000, 0x00000000d5a00000, 0x0000000100000000)
  eden space 1536K, 99% used [0x00000000d5580000,0x00000000d56fff90,0x00000000d5700000)
  from space 512K, 62% used [0x00000000d5980000,0x00000000d59d0000,0x00000000d5a00000)
  to   space 512K, 0% used [0x00000000d5900000,0x00000000d5900000,0x00000000d5980000)
 ParOldGen       total 415232K, used 414858K [0x0000000080000000, 0x0000000099580000, 0x00000000d5580000)
  object space 415232K, 99% used [0x0000000080000000,0x00000000995229e8,0x0000000099580000)
 Metaspace       used 65504K, committed 66816K, reserved 1114112K
  class space    used 7123K, committed 7680K, reserved 1048576K
}
Event: 74.401 GC heap after
{Heap after GC invocations=208 (full 3):
 PSYoungGen      total 2048K, used 394K [0x00000000d5580000, 0x00000000d5a00000, 0x0000000100000000)
  eden space 1536K, 0% used [0x00000000d5580000,0x00000000d5580000,0x00000000d5700000)
  from space 512K, 76% used [0x00000000d5900000,0x00000000d5962898,0x00000000d5980000)
  to   space 512K, 0% used [0x00000000d5980000,0x00000000d5980000,0x00000000d5a00000)
 ParOldGen       total 415232K, used 414986K [0x0000000080000000, 0x0000000099580000, 0x00000000d5580000)
  object space 415232K, 99% used [0x0000000080000000,0x00000000995429e8,0x0000000099580000)
 Metaspace       used 65504K, committed 66816K, reserved 1114112K
  class space    used 7123K, committed 7680K, reserved 1048576K
}

