# JRE version: OpenJDK Runtime Environment Temurin-21.0.10+7 (21.0.10+7) (build 21.0.10+7-LTS)
# Java VM: OpenJDK 64-Bit Server VM Temurin-21.0.10+7 (21.0.10+7-LTS, mixed mode, sharing, tiered, compressed oops, compressed class ptrs, parallel gc, windows-amd64)
GC Precious Log:
 CardTable entry size: 512
 CPUs: 12 total, 12 available
 Memory: 7598M
 Large Page Support: Disabled
 NUMA Support: Disabled
 Compressed Oops: Enabled (32-bit)
 Alignments: Space 512K, Generation 512K, Heap 2M
 Heap Min Capacity: 100M
 Heap Initial Capacity: 100M
 Heap Max Capacity: 2G
 Pre-touch: Disabled
 Parallel Workers: 10
Heap:
 PSYoungGen      total 21504K, used 18990K [0x00000000d5580000, 0x00000000d6c80000, 0x0000000100000000)
  eden space 20992K, 88% used [0x00000000d5580000,0x00000000d67b3a10,0x00000000d6a00000)
  from space 512K, 68% used [0x00000000d6c00000,0x00000000d6c58000,0x00000000d6c80000)
  to   space 1024K, 0% used [0x00000000d6a80000,0x00000000d6a80000,0x00000000d6b80000)
 ParOldGen       total 68608K, used 55914K [0x0000000080000000, 0x0000000084300000, 0x00000000d5580000)
  object space 68608K, 81% used [0x0000000080000000,0x000000008369aae8,0x0000000084300000)
 Metaspace       used 72009K, committed 73536K, reserved 1114112K
  class space    used 8884K, committed 9536K, reserved 1048576K
GC Heap History (20 events):
Event: 76.268 GC heap before
{Heap before GC invocations=44 (full 3):
 PSYoungGen      total 21504K, used 21408K [0x00000000d5580000, 0x00000000d6e80000, 0x0000000100000000)
  eden space 20992K, 100% used [0x00000000d5580000,0x00000000d6a00000,0x00000000d6a00000)
  from space 512K, 81% used [0x00000000d6e00000,0x00000000d6e68000,0x00000000d6e80000)
  to   space 1024K, 0% used [0x00000000d6c80000,0x00000000d6c80000,0x00000000d6d80000)
 ParOldGen       total 68608K, used 53575K [0x0000000080000000, 0x0000000084300000, 0x00000000d5580000)
  object space 68608K, 78% used [0x0000000080000000,0x0000000083451e90,0x0000000084300000)
 Metaspace       used 68771K, committed 70144K, reserved 1114112K
  class space    used 8428K, committed 9024K, reserved 1048576K
}
Event: 76.269 GC heap after
{Heap after GC invocations=44 (full 3):
 PSYoungGen      total 22016K, used 522K [0x00000000d5580000, 0x00000000d6e80000, 0x0000000100000000)
  eden space 20992K, 0% used [0x00000000d5580000,0x00000000d5580000,0x00000000d6a00000)
  from space 1024K, 51% used [0x00000000d6c80000,0x00000000d6d02a50,0x00000000d6d80000)
  to   space 1024K, 0% used [0x00000000d6d80000,0x00000000d6d80000,0x00000000d6e80000)
 ParOldGen       total 68608K, used 53759K [0x0000000080000000, 0x0000000084300000, 0x00000000d5580000)
  object space 68608K, 78% used [0x0000000080000000,0x000000008347fea0,0x0000000084300000)
 Metaspace       used 68771K, committed 70144K, reserved 1114112K
  class space    used 8428K, committed 9024K, reserved 1048576K
}
Event: 76.465 GC heap before
{Heap before GC invocations=45 (full 3):
 PSYoungGen      total 22016K, used 21514K [0x00000000d5580000, 0x00000000d6e80000, 0x0000000100000000)
  eden space 20992K, 100% used [0x00000000d5580000,0x00000000d6a00000,0x00000000d6a00000)
  from space 1024K, 51% used [0x00000000d6c80000,0x00000000d6d02a50,0x00000000d6d80000)
  to   space 1024K, 0% used [0x00000000d6d80000,0x00000000d6d80000,0x00000000d6e80000)
 ParOldGen       total 68608K, used 53759K [0x0000000080000000, 0x0000000084300000, 0x00000000d5580000)
  object space 68608K, 78% used [0x0000000080000000,0x000000008347fea0,0x0000000084300000)
 Metaspace       used 69905K, committed 71360K, reserved 1114112K
  class space    used 8611K, committed 9216K, reserved 1048576K
}
Event: 76.466 GC heap after
{Heap after GC invocations=45 (full 3):
 PSYoungGen      total 22016K, used 517K [0x00000000d5580000, 0x00000000d6e80000, 0x0000000100000000)
  eden space 20992K, 0% used [0x00000000d5580000,0x00000000d5580000,0x00000000d6a00000)
  from space 1024K, 50% used [0x00000000d6d80000,0x00000000d6e014d0,0x00000000d6e80000)
  to   space 1024K, 0% used [0x00000000d6c80000,0x00000000d6c80000,0x00000000d6d80000)
 ParOldGen       total 68608K, used 53919K [0x0000000080000000, 0x0000000084300000, 0x00000000d5580000)
  object space 68608K, 78% used [0x0000000080000000,0x00000000834a7ea0,0x0000000084300000)
 Metaspace       used 69905K, committed 71360K, reserved 1114112K
  class space    used 8611K, committed 9216K, reserved 1048576K
}
Event: 76.591 GC heap before
{Heap before GC invocations=46 (full 3):
 PSYoungGen      total 22016K, used 21509K [0x00000000d5580000, 0x00000000d6e80000, 0x0000000100000000)
  eden space 20992K, 100% used [0x00000000d5580000,0x00000000d6a00000,0x00000000d6a00000)
  from space 1024K, 50% used [0x00000000d6d80000,0x00000000d6e014d0,0x00000000d6e80000)
  to   space 1024K, 0% used [0x00000000d6c80000,0x00000000d6c80000,0x00000000d6d80000)
 ParOldGen       total 68608K, used 53919K [0x0000000080000000, 0x0000000084300000, 0x00000000d5580000)
  object space 68608K, 78% used [0x0000000080000000,0x00000000834a7ea0,0x0000000084300000)
 Metaspace       used 69906K, committed 71360K, reserved 1114112K
  class space    used 8611K, committed 9216K, reserved 1048576K
}
Event: 76.592 GC heap after
{Heap after GC invocations=46 (full 3):
 PSYoungGen      total 22016K, used 288K [0x00000000d5580000, 0x00000000d6e00000, 0x0000000100000000)
  eden space 20992K, 0% used [0x00000000d5580000,0x00000000d5580000,0x00000000d6a00000)
  from space 1024K, 28% used [0x00000000d6c80000,0x00000000d6cc8000,0x00000000d6d80000)
  to   space 512K, 0% used [0x00000000d6d80000,0x00000000d6d80000,0x00000000d6e00000)
 ParOldGen       total 68608K, used 54226K [0x0000000080000000, 0x0000000084300000, 0x00000000d5580000)
  object space 68608K, 79% used [0x0000000080000000,0x00000000834f4a20,0x0000000084300000)
 Metaspace       used 69906K, committed 71360K, reserved 1114112K
  class space    used 8611K, committed 9216K, reserved 1048576K
}
Event: 76.711 GC heap before
{Heap before GC invocations=47 (full 3):
 PSYoungGen      total 22016K, used 21280K [0x00000000d5580000, 0x00000000d6e00000, 0x0000000100000000)
  eden space 20992K, 100% used [0x00000000d5580000,0x00000000d6a00000,0x00000000d6a00000)
  from space 1024K, 28% used [0x00000000d6c80000,0x00000000d6cc8000,0x00000000d6d80000)
  to   space 512K, 0% used [0x00000000d6d80000,0x00000000d6d80000,0x00000000d6e00000)
 ParOldGen       total 68608K, used 54226K [0x0000000080000000, 0x0000000084300000, 0x00000000d5580000)
  object space 68608K, 79% used [0x0000000080000000,0x00000000834f4a20,0x0000000084300000)
 Metaspace       used 69915K, committed 71360K, reserved 1114112K
  class space    used 8613K, committed 9216K, reserved 1048576K
}
Event: 76.715 GC heap after
{Heap after GC invocations=47 (full 3):
 PSYoungGen      total 21504K, used 496K [0x00000000d5580000, 0x00000000d6e00000, 0x0000000100000000)
  eden space 20992K, 0% used [0x00000000d5580000,0x00000000d5580000,0x00000000d6a00000)
  from space 512K, 97% used [0x00000000d6d80000,0x00000000d6dfc3f8,0x00000000d6e00000)
  to   space 2048K, 0% used [0x00000000d6a00000,0x00000000d6a00000,0x00000000d6c00000)
 ParOldGen       total 68608K, used 55122K [0x0000000080000000, 0x0000000084300000, 0x00000000d5580000)
  object space 68608K, 80% used [0x0000000080000000,0x00000000835d4988,0x0000000084300000)
 Metaspace       used 69915K, committed 71360K, reserved 1114112K
  class space    used 8613K, committed 9216K, reserved 1048576K
}
Event: 76.864 GC heap before
{Heap before GC invocations=48 (full 3):
 PSYoungGen      total 21504K, used 21488K [0x00000000d5580000, 0x00000000d6e00000, 0x0000000100000000)
  eden space 20992K, 100% used [0x00000000d5580000,0x00000000d6a00000,0x00000000d6a00000)
  from space 512K, 97% used [0x00000000d6d80000,0x00000000d6dfc3f8,0x00000000d6e00000)
  to   space 2048K, 0% used [0x00000000d6a00000,0x00000000d6a00000,0x00000000d6c00000)
 ParOldGen       total 68608K, used 55122K [0x0000000080000000, 0x0000000084300000, 0x00000000d5580000)
  object space 68608K, 80% used [0x0000000080000000,0x00000000835d4988,0x0000000084300000)
 Metaspace       used 69915K, committed 71360K, reserved 1114112K
  class space    used 8613K, committed 9216K, reserved 1048576K
}
Event: 76.865 GC heap after
{Heap after GC invocations=48 (full 3):
 PSYoungGen      total 23040K, used 1175K [0x00000000d5580000, 0x00000000d6e00000, 0x0000000100000000)
  eden space 20992K, 0% used [0x00000000d5580000,0x00000000d5580000,0x00000000d6a00000)
  from space 2048K, 57% used [0x00000000d6a00000,0x00000000d6b25e30,0x00000000d6c00000)
  to   space 1536K, 0% used [0x00000000d6c80000,0x00000000d6c80000,0x00000000d6e00000)
 ParOldGen       total 68608K, used 55194K [0x0000000080000000, 0x0000000084300000, 0x00000000d5580000)
  object space 68608K, 80% used [0x0000000080000000,0x00000000835e6998,0x0000000084300000)
 Metaspace       used 69915K, committed 71360K, reserved 1114112K
  class space    used 8613K, committed 9216K, reserved 1048576K
}
Event: 76.998 GC heap before
{Heap before GC invocations=49 (full 3):
 PSYoungGen      total 23040K, used 22167K [0x00000000d5580000, 0x00000000d6e00000, 0x0000000100000000)
  eden space 20992K, 100% used [0x00000000d5580000,0x00000000d6a00000,0x00000000d6a00000)
  from space 2048K, 57% used [0x00000000d6a00000,0x00000000d6b25e30,0x00000000d6c00000)
  to   space 1536K, 0% used [0x00000000d6c80000,0x00000000d6c80000,0x00000000d6e00000)
 ParOldGen       total 68608K, used 55194K [0x0000000080000000, 0x0000000084300000, 0x00000000d5580000)
  object space 68608K, 80% used [0x0000000080000000,0x00000000835e6998,0x0000000084300000)
 Metaspace       used 69915K, committed 71360K, reserved 1114112K
  class space    used 8613K, committed 9216K, reserved 1048576K
}
Event: 76.999 GC heap after
{Heap after GC invocations=49 (full 3):
 PSYoungGen      total 22528K, used 1363K [0x00000000d5580000, 0x00000000d6e00000, 0x0000000100000000)
  eden space 20992K, 0% used [0x00000000d5580000,0x00000000d5580000,0x00000000d6a00000)
  from space 1536K, 88% used [0x00000000d6c80000,0x00000000d6dd4c50,0x00000000d6e00000)
  to   space 1536K, 0% used [0x00000000d6b00000,0x00000000d6b00000,0x00000000d6c80000)
 ParOldGen       total 68608K, used 55258K [0x0000000080000000, 0x0000000084300000, 0x00000000d5580000)
  object space 68608K, 80% used [0x0000000080000000,0x00000000835f6998,0x0000000084300000)
 Metaspace       used 69915K, committed 71360K, reserved 1114112K
  class space    used 8613K, committed 9216K, reserved 1048576K
}
Event: 77.124 GC heap before
{Heap before GC invocations=50 (full 3):
 PSYoungGen      total 22528K, used 22355K [0x00000000d5580000, 0x00000000d6e00000, 0x0000000100000000)
  eden space 20992K, 100% used [0x00000000d5580000,0x00000000d6a00000,0x00000000d6a00000)
  from space 1536K, 88% used [0x00000000d6c80000,0x00000000d6dd4c50,0x00000000d6e00000)
  to   space 1536K, 0% used [0x00000000d6b00000,0x00000000d6b00000,0x00000000d6c80000)
 ParOldGen       total 68608K, used 55258K [0x0000000080000000, 0x0000000084300000, 0x00000000d5580000)
  object space 68608K, 80% used [0x0000000080000000,0x00000000835f6998,0x0000000084300000)
 Metaspace       used 69915K, committed 71360K, reserved 1114112K
  class space    used 8613K, committed 9216K, reserved 1048576K
}
Event: 77.125 GC heap after
{Heap after GC invocations=50 (full 3):
 PSYoungGen      total 22528K, used 1247K [0x00000000d5580000, 0x00000000d6d00000, 0x0000000100000000)
  eden space 20992K, 0% used [0x00000000d5580000,0x00000000d5580000,0x00000000d6a00000)
  from space 1536K, 81% used [0x00000000d6b00000,0x00000000d6c37fe0,0x00000000d6c80000)
  to   space 512K, 0% used [0x00000000d6c80000,0x00000000d6c80000,0x00000000d6d00000)
 ParOldGen       total 68608K, used 55306K [0x0000000080000000, 0x0000000084300000, 0x00000000d5580000)
  object space 68608K, 80% used [0x0000000080000000,0x0000000083602998,0x0000000084300000)
 Metaspace       used 69915K, committed 71360K, reserved 1114112K
  class space    used 8613K, committed 9216K, reserved 1048576K
}
Event: 77.227 GC heap before
{Heap before GC invocations=51 (full 3):
 PSYoungGen      total 22528K, used 22239K [0x00000000d5580000, 0x00000000d6d00000, 0x0000000100000000)
  eden space 20992K, 100% used [0x00000000d5580000,0x00000000d6a00000,0x00000000d6a00000)
  from space 1536K, 81% used [0x00000000d6b00000,0x00000000d6c37fe0,0x00000000d6c80000)
  to   space 512K, 0% used [0x00000000d6c80000,0x00000000d6c80000,0x00000000d6d00000)
 ParOldGen       total 68608K, used 55306K [0x0000000080000000, 0x0000000084300000, 0x00000000d5580000)
  object space 68608K, 80% used [0x0000000080000000,0x0000000083602998,0x0000000084300000)
 Metaspace       used 69915K, committed 71360K, reserved 1114112K
  class space    used 8613K, committed 9216K, reserved 1048576K
}
Event: 77.229 GC heap after
{Heap after GC invocations=51 (full 3):
 PSYoungGen      total 21504K, used 496K [0x00000000d5580000, 0x00000000d6d00000, 0x0000000100000000)
  eden space 20992K, 0% used [0x00000000d5580000,0x00000000d5580000,0x00000000d6a00000)
  from space 512K, 96% used [0x00000000d6c80000,0x00000000d6cfc280,0x00000000d6d00000)
  to   space 1536K, 0% used [0x00000000d6a00000,0x00000000d6a00000,0x00000000d6b80000)
 ParOldGen       total 68608K, used 55826K [0x0000000080000000, 0x0000000084300000, 0x00000000d5580000)
  object space 68608K, 81% used [0x0000000080000000,0x0000000083684ae8,0x0000000084300000)
 Metaspace       used 69915K, committed 71360K, reserved 1114112K
  class space    used 8613K, committed 9216K, reserved 1048576K
}
Event: 77.320 GC heap before
{Heap before GC invocations=52 (full 3):
 PSYoungGen      total 21504K, used 21488K [0x00000000d5580000, 0x00000000d6d00000, 0x0000000100000000)
  eden space 20992K, 100% used [0x00000000d5580000,0x00000000d6a00000,0x00000000d6a00000)
  from space 512K, 96% used [0x00000000d6c80000,0x00000000d6cfc280,0x00000000d6d00000)
  to   space 1536K, 0% used [0x00000000d6a00000,0x00000000d6a00000,0x00000000d6b80000)
 ParOldGen       total 68608K, used 55826K [0x0000000080000000, 0x0000000084300000, 0x00000000d5580000)
  object space 68608K, 81% used [0x0000000080000000,0x0000000083684ae8,0x0000000084300000)
 Metaspace       used 69915K, committed 71360K, reserved 1114112K
  class space    used 8613K, committed 9216K, reserved 1048576K
}
Event: 77.321 GC heap after
{Heap after GC invocations=52 (full 3):
 PSYoungGen      total 22528K, used 935K [0x00000000d5580000, 0x00000000d6d00000, 0x0000000100000000)
  eden space 20992K, 0% used [0x00000000d5580000,0x00000000d5580000,0x00000000d6a00000)
  from space 1536K, 60% used [0x00000000d6a00000,0x00000000d6ae9d58,0x00000000d6b80000)
  to   space 1024K, 0% used [0x00000000d6c00000,0x00000000d6c00000,0x00000000d6d00000)
 ParOldGen       total 68608K, used 55842K [0x0000000080000000, 0x0000000084300000, 0x00000000d5580000)
  object space 68608K, 81% used [0x0000000080000000,0x0000000083688ae8,0x0000000084300000)
 Metaspace       used 69915K, committed 71360K, reserved 1114112K
  class space    used 8613K, committed 9216K, reserved 1048576K
}
Event: 77.459 GC heap before
{Heap before GC invocations=53 (full 3):
 PSYoungGen      total 22528K, used 21927K [0x00000000d5580000, 0x00000000d6d00000, 0x0000000100000000)
  eden space 20992K, 100% used [0x00000000d5580000,0x00000000d6a00000,0x00000000d6a00000)
  from space 1536K, 60% used [0x00000000d6a00000,0x00000000d6ae9d58,0x00000000d6b80000)
  to   space 1024K, 0% used [0x00000000d6c00000,0x00000000d6c00000,0x00000000d6d00000)
 ParOldGen       total 68608K, used 55842K [0x0000000080000000, 0x0000000084300000, 0x00000000d5580000)
  object space 68608K, 81% used [0x0000000080000000,0x0000000083688ae8,0x0000000084300000)
 Metaspace       used 70690K, committed 72128K, reserved 1114112K
  class space    used 8735K, committed 9344K, reserved 1048576K
}
Event: 77.459 GC heap after
{Heap after GC invocations=53 (full 3):
 PSYoungGen      total 21504K, used 352K [0x00000000d5580000, 0x00000000d6c80000, 0x0000000100000000)
  eden space 20992K, 0% used [0x00000000d5580000,0x00000000d5580000,0x00000000d6a00000)
  from space 512K, 68% used [0x00000000d6c00000,0x00000000d6c58000,0x00000000d6c80000)
  to   space 1024K, 0% used [0x00000000d6a80000,0x00000000d6a80000,0x00000000d6b80000)
 ParOldGen       total 68608K, used 55914K [0x0000000080000000, 0x0000000084300000, 0x00000000d5580000)
  object space 68608K, 81% used [0x0000000080000000,0x000000008369aae8,0x0000000084300000)
 Metaspace       used 70690K, committed 72128K, reserved 1114112K
  class space    used 8735K, committed 9344K, reserved 1048576K
}

