# JRE version: OpenJDK Runtime Environment Temurin-21.0.10+7 (21.0.10+7) (build 21.0.10+7-LTS)
# Java VM: OpenJDK 64-Bit Server VM Temurin-21.0.10+7 (21.0.10+7-LTS, mixed mode, sharing, tiered, compressed oops, compressed class ptrs, parallel gc, windows-amd64)
GC Precious Log:
 CardTable entry size: 512
 CPUs: 12 total, 12 available
 Memory: 7598M
 Large Page Support: Disabled
 NUMA Support: Disabled
 Compressed Oops: Enabled (32-bit)
 Alignments: Space 512K, Generation 512K, Heap 2M
 Heap Min Capacity: 100M
 Heap Initial Capacity: 100M
 Heap Max Capacity: 2G
 Pre-touch: Disabled
 Parallel Workers: 10
Heap:
 PSYoungGen      total 20480K, used 7409K [0x00000000d5580000, 0x00000000d6d80000, 0x0000000100000000)
  eden space 17408K, 27% used [0x00000000d5580000,0x00000000d5a2aeb0,0x00000000d6680000)
  from space 3072K, 85% used [0x00000000d6680000,0x00000000d69115f8,0x00000000d6980000)
  to   space 3584K, 0% used [0x00000000d6a00000,0x00000000d6a00000,0x00000000d6d80000)
 ParOldGen       total 120320K, used 119987K [0x0000000080000000, 0x0000000087580000, 0x00000000d5580000)
  object space 120320K, 99% used [0x0000000080000000,0x000000008752ce38,0x0000000087580000)
 Metaspace       used 78787K, committed 80384K, reserved 1179648K
  class space    used 9585K, committed 10304K, reserved 1048576K
GC Heap History (20 events):
Event: 98.996 GC heap before
{Heap before GC invocations=70 (full 3):
 PSYoungGen      total 22016K, used 21636K [0x00000000d5580000, 0x00000000d7000000, 0x0000000100000000)
  eden space 19456K, 100% used [0x00000000d5580000,0x00000000d6880000,0x00000000d6880000)
  from space 2560K, 85% used [0x00000000d6d80000,0x00000000d6fa1308,0x00000000d7000000)
  to   space 3072K, 0% used [0x00000000d6a00000,0x00000000d6a00000,0x00000000d6d00000)
 ParOldGen       total 91136K, used 90982K [0x0000000080000000, 0x0000000085900000, 0x00000000d5580000)
  object space 91136K, 99% used [0x0000000080000000,0x00000000858d99a0,0x0000000085900000)
 Metaspace       used 75627K, committed 77248K, reserved 1179648K
  class space    used 9253K, committed 9984K, reserved 1048576K
}
Event: 99.001 GC heap after
{Heap after GC invocations=70 (full 3):
 PSYoungGen      total 22016K, used 2224K [0x00000000d5580000, 0x00000000d6e00000, 0x0000000100000000)
  eden space 19456K, 0% used [0x00000000d5580000,0x00000000d5580000,0x00000000d6880000)
  from space 2560K, 86% used [0x00000000d6a00000,0x00000000d6c2c058,0x00000000d6c80000)
  to   space 1536K, 0% used [0x00000000d6c80000,0x00000000d6c80000,0x00000000d6e00000)
 ParOldGen       total 93184K, used 93028K [0x0000000080000000, 0x0000000085b00000, 0x00000000d5580000)
  object space 93184K, 99% used [0x0000000080000000,0x0000000085ad93c8,0x0000000085b00000)
 Metaspace       used 75627K, committed 77248K, reserved 1179648K
  class space    used 9253K, committed 9984K, reserved 1048576K
}
Event: 99.053 GC heap before
{Heap before GC invocations=71 (full 3):
 PSYoungGen      total 22016K, used 21680K [0x00000000d5580000, 0x00000000d6e00000, 0x0000000100000000)
  eden space 19456K, 100% used [0x00000000d5580000,0x00000000d6880000,0x00000000d6880000)
  from space 2560K, 86% used [0x00000000d6a00000,0x00000000d6c2c058,0x00000000d6c80000)
  to   space 1536K, 0% used [0x00000000d6c80000,0x00000000d6c80000,0x00000000d6e00000)
 ParOldGen       total 93184K, used 93028K [0x0000000080000000, 0x0000000085b00000, 0x00000000d5580000)
  object space 93184K, 99% used [0x0000000080000000,0x0000000085ad93c8,0x0000000085b00000)
 Metaspace       used 75648K, committed 77248K, reserved 1179648K
  class space    used 9253K, committed 9984K, reserved 1048576K
}
Event: 99.057 GC heap after
{Heap after GC invocations=71 (full 3):
 PSYoungGen      total 20480K, used 1520K [0x00000000d5580000, 0x00000000d7180000, 0x0000000100000000)
  eden space 18944K, 0% used [0x00000000d5580000,0x00000000d5580000,0x00000000d6800000)
  from space 1536K, 99% used [0x00000000d6c80000,0x00000000d6dfc2c0,0x00000000d6e00000)
  to   space 4608K, 0% used [0x00000000d6800000,0x00000000d6800000,0x00000000d6c80000)
 ParOldGen       total 95744K, used 95484K [0x0000000080000000, 0x0000000085d80000, 0x00000000d5580000)
  object space 95744K, 99% used [0x0000000080000000,0x0000000085d3f020,0x0000000085d80000)
 Metaspace       used 75648K, committed 77248K, reserved 1179648K
  class space    used 9253K, committed 9984K, reserved 1048576K
}
Event: 99.155 GC heap before
{Heap before GC invocations=72 (full 3):
 PSYoungGen      total 20480K, used 20464K [0x00000000d5580000, 0x00000000d7180000, 0x0000000100000000)
  eden space 18944K, 100% used [0x00000000d5580000,0x00000000d6800000,0x00000000d6800000)
  from space 1536K, 99% used [0x00000000d6c80000,0x00000000d6dfc2c0,0x00000000d6e00000)
  to   space 4608K, 0% used [0x00000000d6800000,0x00000000d6800000,0x00000000d6c80000)
 ParOldGen       total 95744K, used 95484K [0x0000000080000000, 0x0000000085d80000, 0x00000000d5580000)
  object space 95744K, 99% used [0x0000000080000000,0x0000000085d3f020,0x0000000085d80000)
 Metaspace       used 75729K, committed 77312K, reserved 1179648K
  class space    used 9259K, committed 9984K, reserved 1048576K
}
Event: 99.159 GC heap after
{Heap after GC invocations=72 (full 3):
 PSYoungGen      total 22528K, used 3549K [0x00000000d5580000, 0x00000000d7000000, 0x0000000100000000)
  eden space 18944K, 0% used [0x00000000d5580000,0x00000000d5580000,0x00000000d6800000)
  from space 3584K, 99% used [0x00000000d6800000,0x00000000d6b776d8,0x00000000d6b80000)
  to   space 4096K, 0% used [0x00000000d6c00000,0x00000000d6c00000,0x00000000d7000000)
 ParOldGen       total 97280K, used 97012K [0x0000000080000000, 0x0000000085f00000, 0x00000000d5580000)
  object space 97280K, 99% used [0x0000000080000000,0x0000000085ebd2f8,0x0000000085f00000)
 Metaspace       used 75729K, committed 77312K, reserved 1179648K
  class space    used 9259K, committed 9984K, reserved 1048576K
}
Event: 99.257 GC heap before
{Heap before GC invocations=73 (full 3):
 PSYoungGen      total 22528K, used 22493K [0x00000000d5580000, 0x00000000d7000000, 0x0000000100000000)
  eden space 18944K, 100% used [0x00000000d5580000,0x00000000d6800000,0x00000000d6800000)
  from space 3584K, 99% used [0x00000000d6800000,0x00000000d6b776d8,0x00000000d6b80000)
  to   space 4096K, 0% used [0x00000000d6c00000,0x00000000d6c00000,0x00000000d7000000)
 ParOldGen       total 97280K, used 97015K [0x0000000080000000, 0x0000000085f00000, 0x00000000d5580000)
  object space 97280K, 99% used [0x0000000080000000,0x0000000085ebdfc8,0x0000000085f00000)
 Metaspace       used 75978K, committed 77632K, reserved 1179648K
  class space    used 9293K, committed 10048K, reserved 1048576K
}
Event: 99.262 GC heap after
{Heap after GC invocations=73 (full 3):
 PSYoungGen      total 21504K, used 2550K [0x00000000d5580000, 0x00000000d6e80000, 0x0000000100000000)
  eden space 18944K, 0% used [0x00000000d5580000,0x00000000d5580000,0x00000000d6800000)
  from space 2560K, 99% used [0x00000000d6c00000,0x00000000d6e7dad8,0x00000000d6e80000)
  to   space 3072K, 0% used [0x00000000d6880000,0x00000000d6880000,0x00000000d6b80000)
 ParOldGen       total 100352K, used 100309K [0x0000000080000000, 0x0000000086200000, 0x00000000d5580000)
  object space 100352K, 99% used [0x0000000080000000,0x00000000861f5620,0x0000000086200000)
 Metaspace       used 75978K, committed 77632K, reserved 1179648K
  class space    used 9293K, committed 10048K, reserved 1048576K
}
Event: 99.379 GC heap before
{Heap before GC invocations=74 (full 3):
 PSYoungGen      total 21504K, used 21494K [0x00000000d5580000, 0x00000000d6e80000, 0x0000000100000000)
  eden space 18944K, 100% used [0x00000000d5580000,0x00000000d6800000,0x00000000d6800000)
  from space 2560K, 99% used [0x00000000d6c00000,0x00000000d6e7dad8,0x00000000d6e80000)
  to   space 3072K, 0% used [0x00000000d6880000,0x00000000d6880000,0x00000000d6b80000)
 ParOldGen       total 100352K, used 100315K [0x0000000080000000, 0x0000000086200000, 0x00000000d5580000)
  object space 100352K, 99% used [0x0000000080000000,0x00000000861f6ca0,0x0000000086200000)
 Metaspace       used 76448K, committed 78080K, reserved 1179648K
  class space    used 9362K, committed 10112K, reserved 1048576K
}
Event: 99.384 GC heap after
{Heap after GC invocations=74 (full 3):
 PSYoungGen      total 22016K, used 3056K [0x00000000d5580000, 0x00000000d7400000, 0x0000000100000000)
  eden space 18944K, 0% used [0x00000000d5580000,0x00000000d5580000,0x00000000d6800000)
  from space 3072K, 99% used [0x00000000d6880000,0x00000000d6b7c078,0x00000000d6b80000)
  to   space 6144K, 0% used [0x00000000d6e00000,0x00000000d6e00000,0x00000000d7400000)
 ParOldGen       total 102912K, used 102862K [0x0000000080000000, 0x0000000086480000, 0x00000000d5580000)
  object space 102912K, 99% used [0x0000000080000000,0x0000000086473b48,0x0000000086480000)
 Metaspace       used 76448K, committed 78080K, reserved 1179648K
  class space    used 9362K, committed 10112K, reserved 1048576K
}
Event: 99.454 GC heap before
{Heap before GC invocations=75 (full 3):
 PSYoungGen      total 22016K, used 22000K [0x00000000d5580000, 0x00000000d7400000, 0x0000000100000000)
  eden space 18944K, 100% used [0x00000000d5580000,0x00000000d6800000,0x00000000d6800000)
  from space 3072K, 99% used [0x00000000d6880000,0x00000000d6b7c078,0x00000000d6b80000)
  to   space 6144K, 0% used [0x00000000d6e00000,0x00000000d6e00000,0x00000000d7400000)
 ParOldGen       total 102912K, used 102865K [0x0000000080000000, 0x0000000086480000, 0x00000000d5580000)
  object space 102912K, 99% used [0x0000000080000000,0x0000000086474778,0x0000000086480000)
 Metaspace       used 76608K, committed 78208K, reserved 1179648K
  class space    used 9369K, committed 10112K, reserved 1048576K
}
Event: 99.460 GC heap after
{Heap after GC invocations=75 (full 3):
 PSYoungGen      total 23552K, used 4120K [0x00000000d5580000, 0x00000000d7280000, 0x0000000100000000)
  eden space 18944K, 0% used [0x00000000d5580000,0x00000000d5580000,0x00000000d6800000)
  from space 4608K, 89% used [0x00000000d6e00000,0x00000000d7206058,0x00000000d7280000)
  to   space 5120K, 0% used [0x00000000d6880000,0x00000000d6880000,0x00000000d6d80000)
 ParOldGen       total 105984K, used 105864K [0x0000000080000000, 0x0000000086780000, 0x00000000d5580000)
  object space 105984K, 99% used [0x0000000080000000,0x00000000867623f0,0x0000000086780000)
 Metaspace       used 76608K, committed 78208K, reserved 1179648K
  class space    used 9369K, committed 10112K, reserved 1048576K
}
Event: 99.538 GC heap before
{Heap before GC invocations=76 (full 3):
 PSYoungGen      total 23552K, used 23064K [0x00000000d5580000, 0x00000000d7280000, 0x0000000100000000)
  eden space 18944K, 100% used [0x00000000d5580000,0x00000000d6800000,0x00000000d6800000)
  from space 4608K, 89% used [0x00000000d6e00000,0x00000000d7206058,0x00000000d7280000)
  to   space 5120K, 0% used [0x00000000d6880000,0x00000000d6880000,0x00000000d6d80000)
 ParOldGen       total 105984K, used 105864K [0x0000000080000000, 0x0000000086780000, 0x00000000d5580000)
  object space 105984K, 99% used [0x0000000080000000,0x00000000867623f0,0x0000000086780000)
 Metaspace       used 76938K, committed 78592K, reserved 1179648K
  class space    used 9408K, committed 10176K, reserved 1048576K
}
Event: 99.543 GC heap after
{Heap after GC invocations=76 (full 3):
 PSYoungGen      total 23040K, used 3587K [0x00000000d5580000, 0x00000000d7000000, 0x0000000100000000)
  eden space 18944K, 0% used [0x00000000d5580000,0x00000000d5580000,0x00000000d6800000)
  from space 4096K, 87% used [0x00000000d6880000,0x00000000d6c00f80,0x00000000d6c80000)
  to   space 3584K, 0% used [0x00000000d6c80000,0x00000000d6c80000,0x00000000d7000000)
 ParOldGen       total 110080K, used 109852K [0x0000000080000000, 0x0000000086b80000, 0x00000000d5580000)
  object space 110080K, 99% used [0x0000000080000000,0x0000000086b47138,0x0000000086b80000)
 Metaspace       used 76938K, committed 78592K, reserved 1179648K
  class space    used 9408K, committed 10176K, reserved 1048576K
}
Event: 99.668 GC heap before
{Heap before GC invocations=77 (full 3):
 PSYoungGen      total 23040K, used 22531K [0x00000000d5580000, 0x00000000d7000000, 0x0000000100000000)
  eden space 18944K, 100% used [0x00000000d5580000,0x00000000d6800000,0x00000000d6800000)
  from space 4096K, 87% used [0x00000000d6880000,0x00000000d6c00f80,0x00000000d6c80000)
  to   space 3584K, 0% used [0x00000000d6c80000,0x00000000d6c80000,0x00000000d7000000)
 ParOldGen       total 110080K, used 109852K [0x0000000080000000, 0x0000000086b80000, 0x00000000d5580000)
  object space 110080K, 99% used [0x0000000080000000,0x0000000086b47138,0x0000000086b80000)
 Metaspace       used 77452K, committed 79104K, reserved 1179648K
  class space    used 9473K, committed 10240K, reserved 1048576K
}
Event: 99.672 GC heap after
{Heap after GC invocations=77 (full 3):
 PSYoungGen      total 21504K, used 2457K [0x00000000d5580000, 0x00000000d6f00000, 0x0000000100000000)
  eden space 18944K, 0% used [0x00000000d5580000,0x00000000d5580000,0x00000000d6800000)
  from space 2560K, 95% used [0x00000000d6c80000,0x00000000d6ee64d0,0x00000000d6f00000)
  to   space 3072K, 0% used [0x00000000d6900000,0x00000000d6900000,0x00000000d6c00000)
 ParOldGen       total 113664K, used 113187K [0x0000000080000000, 0x0000000086f00000, 0x00000000d5580000)
  object space 113664K, 99% used [0x0000000080000000,0x0000000086e88e30,0x0000000086f00000)
 Metaspace       used 77452K, committed 79104K, reserved 1179648K
  class space    used 9473K, committed 10240K, reserved 1048576K
}
Event: 99.786 GC heap before
{Heap before GC invocations=78 (full 3):
 PSYoungGen      total 21504K, used 21401K [0x00000000d5580000, 0x00000000d6f00000, 0x0000000100000000)
  eden space 18944K, 100% used [0x00000000d5580000,0x00000000d6800000,0x00000000d6800000)
  from space 2560K, 95% used [0x00000000d6c80000,0x00000000d6ee64d0,0x00000000d6f00000)
  to   space 3072K, 0% used [0x00000000d6900000,0x00000000d6900000,0x00000000d6c00000)
 ParOldGen       total 113664K, used 113187K [0x0000000080000000, 0x0000000086f00000, 0x00000000d5580000)
  object space 113664K, 99% used [0x0000000080000000,0x0000000086e88e30,0x0000000086f00000)
 Metaspace       used 78039K, committed 79616K, reserved 1179648K
  class space    used 9533K, committed 10240K, reserved 1048576K
}
Event: 99.790 GC heap after
{Heap after GC invocations=78 (full 3):
 PSYoungGen      total 21504K, used 2235K [0x00000000d5580000, 0x00000000d6d00000, 0x0000000100000000)
  eden space 18944K, 0% used [0x00000000d5580000,0x00000000d5580000,0x00000000d6800000)
  from space 2560K, 87% used [0x00000000d6900000,0x00000000d6b2ecb0,0x00000000d6b80000)
  to   space 1536K, 0% used [0x00000000d6b80000,0x00000000d6b80000,0x00000000d6d00000)
 ParOldGen       total 115712K, used 115466K [0x0000000080000000, 0x0000000087100000, 0x00000000d5580000)
  object space 115712K, 99% used [0x0000000080000000,0x00000000870c2b70,0x0000000087100000)
 Metaspace       used 78039K, committed 79616K, reserved 1179648K
  class space    used 9533K, committed 10240K, reserved 1048576K
}
Event: 99.885 GC heap before
{Heap before GC invocations=79 (full 3):
 PSYoungGen      total 21504K, used 21179K [0x00000000d5580000, 0x00000000d6d00000, 0x0000000100000000)
  eden space 18944K, 100% used [0x00000000d5580000,0x00000000d6800000,0x00000000d6800000)
  from space 2560K, 87% used [0x00000000d6900000,0x00000000d6b2ecb0,0x00000000d6b80000)
  to   space 1536K, 0% used [0x00000000d6b80000,0x00000000d6b80000,0x00000000d6d00000)
 ParOldGen       total 115712K, used 115466K [0x0000000080000000, 0x0000000087100000, 0x00000000d5580000)
  object space 115712K, 99% used [0x0000000080000000,0x00000000870c2b70,0x0000000087100000)
 Metaspace       used 78121K, committed 79744K, reserved 1179648K
  class space    used 9543K, committed 10304K, reserved 1048576K
}
Event: 99.891 GC heap after
{Heap after GC invocations=79 (full 3):
 PSYoungGen      total 18944K, used 1528K [0x00000000d5580000, 0x00000000d7200000, 0x0000000100000000)
  eden space 17408K, 0% used [0x00000000d5580000,0x00000000d5580000,0x00000000d6680000)
  from space 1536K, 99% used [0x00000000d6b80000,0x00000000d6cfe0e8,0x00000000d6d00000)
  to   space 5120K, 0% used [0x00000000d6680000,0x00000000d6680000,0x00000000d6b80000)
 ParOldGen       total 118784K, used 118459K [0x0000000080000000, 0x0000000087400000, 0x00000000d5580000)
  object space 118784K, 99% used [0x0000000080000000,0x00000000873aec18,0x0000000087400000)
 Metaspace       used 78121K, committed 79744K, reserved 1179648K
  class space    used 9543K, committed 10304K, reserved 1048576K
}

